xrun(64): 22.09-s013: (c) Copyright 1995-2023 Cadence Design Systems, Inc.
TOOL:	xrun(64)	22.09-s013: Started on Nov 14, 2024 at 14:57:16 -03
xrun
	-64bit
	q3_tb.sv
	q3.sv
	LUT2.sv
	LUT3.sv
Recompiling... reason: file './q3_tb.sv' is newer than expected.
	expected: Thu Nov 14 14:56:44 2024
	actual:   Thu Nov 14 14:57:14 2024
file: q3_tb.sv
	module worklib.LUT2_Q3_tb:sv
		errors: 0, warnings: 0
		Caching library 'worklib' ....... Done
	Elaborating the design hierarchy:
	Top level design units:
		LUT2_Q3_tb
xmelab: *W,DSEMEL: This SystemVerilog design will be simulated as per IEEE 1800-2009 SystemVerilog simulation semantics. Use -disable_sem2009 option for turning off SV 2009 simulation semantics.
	Building instance overlay tables: .................... Done
	Generating native compiled code:
		worklib.LUT2_Q3_tb:sv <0x35d731a2>
			streams:   8, words: 22750
	Building instance specific data structures.
	Loading native compiled code:     .................... Done
	Design hierarchy summary:
		                 Instances  Unique
		Modules:                 8       4
		Registers:              36      28
		Scalar wires:           23       -
		Vectored wires:          5       -
		Always blocks:           6       2
		Initial blocks:          2       2
		Cont. assignments:       5       1
		Pseudo assignments:     15      15
		Assertions:              8       8
		Simulation timescale:  1ps
	Writing initial simulation snapshot: worklib.LUT2_Q3_tb:sv
Loading snapshot worklib.LUT2_Q3_tb:sv .................... Done
xmsim: *W,DSEM2009: This SystemVerilog design is simulated as per IEEE 1800-2009 SystemVerilog simulation semantics. Use -disable_sem2009 option for turning off SV 2009 simulation semantics.
xcelium> source /home/tools/cadence/installs/XCELIUM2209/tools/xcelium/files/xmsimrc
xcelium> run
                Tempo   Entradas LUT          Saídas
                         A   B   CIN          COUT   S
                ====   ================      =======
                   0     0   0    0           0     0
                  10     0   0    1           0     1
                  20     0   1    0           0     1
                  30     0   1    1           1     0
                  40     1   0    0           0     1
                  50     1   0    1           1     0
                  60     1   1    0           1     0
                  70     1   1    1           1     1
Simulation complete via $finish(1) at time 80 PS + 0
./q3_tb.sv:69     $finish;
xcelium> exit
TOOL:	xrun(64)	22.09-s013: Exiting on Nov 14, 2024 at 14:57:19 -03  (total: 00:00:03)
