#! /usr/bin/vvp
:ivl_version "12.0 (stable)";
:ivl_delay_selection "TYPICAL";
:vpi_time_precision - 12;
:vpi_module "/usr/lib/x86_64-linux-gnu/ivl/system.vpi";
:vpi_module "/usr/lib/x86_64-linux-gnu/ivl/vhdl_sys.vpi";
:vpi_module "/usr/lib/x86_64-linux-gnu/ivl/vhdl_textio.vpi";
:vpi_module "/usr/lib/x86_64-linux-gnu/ivl/v2005_math.vpi";
:vpi_module "/usr/lib/x86_64-linux-gnu/ivl/va_math.vpi";
:vpi_module "/usr/lib/x86_64-linux-gnu/ivl/v2009.vpi";
S_0x5bcb0b8bb950 .scope package, "$unit" "$unit" 2 1;
 .timescale 0 0;
S_0x5bcb0b8bbae0 .scope module, "OR_3_TB" "OR_3_TB" 3 2;
 .timescale -9 -12;
v0x5bcb0b8dec00_0 .var "A0", 0 0;
v0x5bcb0b8decf0_0 .var "A1", 0 0;
v0x5bcb0b8dee00_0 .var "A2", 0 0;
v0x5bcb0b8deef0_0 .net "OUT", 0 0, v0x5bcb0b8de620_0;  1 drivers
S_0x5bcb0b87e490 .scope module, "UUT" "OR_3" 3 5, 4 2 0, S_0x5bcb0b8bbae0;
 .timescale -9 -12;
    .port_info 0 /INPUT 1 "A";
    .port_info 1 /INPUT 1 "B";
    .port_info 2 /INPUT 1 "C";
    .port_info 3 /OUTPUT 1 "OUT";
v0x5bcb0b8de870_0 .net "A", 0 0, v0x5bcb0b8dec00_0;  1 drivers
v0x5bcb0b8de930_0 .net "B", 0 0, v0x5bcb0b8decf0_0;  1 drivers
v0x5bcb0b8dea00_0 .net "C", 0 0, v0x5bcb0b8dee00_0;  1 drivers
v0x5bcb0b8deb00_0 .net "OUT", 0 0, v0x5bcb0b8de620_0;  alias, 1 drivers
S_0x5bcb0b87e6e0 .scope module, "OR_0_INST" "LUT3" 4 7, 5 24 0, S_0x5bcb0b87e490;
 .timescale -12 -12;
    .port_info 0 /OUTPUT 1 "O";
    .port_info 1 /INPUT 1 "I0";
    .port_info 2 /INPUT 1 "I1";
    .port_info 3 /INPUT 1 "I2";
P_0x5bcb0b87e8c0 .param/l "INIT" 0 5 26, C4<11111110>;
v0x5bcb0b8de3b0_0 .net "I0", 0 0, v0x5bcb0b8dec00_0;  alias, 1 drivers
v0x5bcb0b8de490_0 .net "I1", 0 0, v0x5bcb0b8decf0_0;  alias, 1 drivers
v0x5bcb0b8de550_0 .net "I2", 0 0, v0x5bcb0b8dee00_0;  alias, 1 drivers
v0x5bcb0b8de620_0 .var "O", 0 0;
v0x5bcb0b8de6e0_0 .var "tmp", 0 0;
E_0x5bcb0b8bdd40 .event anyedge, v0x5bcb0b8de3b0_0, v0x5bcb0b8de490_0, v0x5bcb0b8de550_0;
S_0x5bcb0b8bcd90 .scope function.vec4.s1, "lut3_mux4" "lut3_mux4" 5 43, 5 43 0, S_0x5bcb0b87e6e0;
 .timescale -12 -12;
v0x5bcb0b8bcf90_0 .var "d", 3 0;
; Variable lut3_mux4 is vec4 return value of scope S_0x5bcb0b8bcd90
v0x5bcb0b8de2c0_0 .var "s", 1 0;
TD_OR_3_TB.UUT.OR_0_INST.lut3_mux4 ;
    %load/vec4 v0x5bcb0b8de2c0_0;
    %parti/s 1, 1, 2;
    %load/vec4 v0x5bcb0b8de2c0_0;
    %parti/s 1, 0, 2;
    %pad/u 32;
    %pushi/vec4 1, 0, 32;
    %cmp/e;
    %flag_get/vec4 4;
    %xor;
    %flag_set/vec4 8;
    %jmp/1 T_0.2, 8;
    %load/vec4 v0x5bcb0b8de2c0_0;
    %parti/s 1, 1, 2;
    %load/vec4 v0x5bcb0b8de2c0_0;
    %parti/s 1, 0, 2;
    %pad/u 32;
    %pushi/vec4 0, 0, 32;
    %cmp/e;
    %flag_get/vec4 4;
    %xor;
    %flag_set/vec4 9;
    %flag_or 8, 9;
T_0.2;
    %jmp/0xz  T_0.0, 8;
    %load/vec4 v0x5bcb0b8bcf90_0;
    %load/vec4 v0x5bcb0b8de2c0_0;
    %part/u 1;
    %ret/vec4 0, 0, 1;  Assign to lut3_mux4 (store_vec4_to_lval)
    %jmp T_0.1;
T_0.0 ;
    %load/vec4 v0x5bcb0b8bcf90_0;
    %parti/s 1, 0, 2;
    %load/vec4 v0x5bcb0b8bcf90_0;
    %parti/s 1, 1, 2;
    %cmp/e;
    %flag_get/vec4 6;
    %jmp/0 T_0.6, 6;
    %load/vec4 v0x5bcb0b8bcf90_0;
    %parti/s 1, 2, 3;
    %load/vec4 v0x5bcb0b8bcf90_0;
    %parti/s 1, 3, 3;
    %cmp/e;
    %flag_get/vec4 6;
    %and;
T_0.6;
    %flag_set/vec4 9;
    %flag_get/vec4 9;
    %jmp/0 T_0.5, 9;
    %load/vec4 v0x5bcb0b8bcf90_0;
    %parti/s 1, 0, 2;
    %load/vec4 v0x5bcb0b8bcf90_0;
    %parti/s 1, 2, 3;
    %cmp/e;
    %flag_get/vec4 6;
    %and;
T_0.5;
    %flag_set/vec4 8;
    %jmp/0xz  T_0.3, 8;
    %load/vec4 v0x5bcb0b8bcf90_0;
    %parti/s 1, 0, 2;
    %ret/vec4 0, 0, 1;  Assign to lut3_mux4 (store_vec4_to_lval)
    %jmp T_0.4;
T_0.3 ;
    %load/vec4 v0x5bcb0b8de2c0_0;
    %parti/s 1, 1, 2;
    %pad/u 32;
    %cmpi/e 0, 0, 32;
    %flag_get/vec4 4;
    %jmp/0 T_0.9, 4;
    %load/vec4 v0x5bcb0b8bcf90_0;
    %parti/s 1, 0, 2;
    %load/vec4 v0x5bcb0b8bcf90_0;
    %parti/s 1, 1, 2;
    %cmp/e;
    %flag_get/vec4 6;
    %and;
T_0.9;
    %flag_set/vec4 8;
    %jmp/0xz  T_0.7, 8;
    %load/vec4 v0x5bcb0b8bcf90_0;
    %parti/s 1, 0, 2;
    %ret/vec4 0, 0, 1;  Assign to lut3_mux4 (store_vec4_to_lval)
    %jmp T_0.8;
T_0.7 ;
    %load/vec4 v0x5bcb0b8de2c0_0;
    %parti/s 1, 1, 2;
    %pad/u 32;
    %cmpi/e 1, 0, 32;
    %flag_get/vec4 4;
    %jmp/0 T_0.12, 4;
    %load/vec4 v0x5bcb0b8bcf90_0;
    %parti/s 1, 2, 3;
    %load/vec4 v0x5bcb0b8bcf90_0;
    %parti/s 1, 3, 3;
    %cmp/e;
    %flag_get/vec4 6;
    %and;
T_0.12;
    %flag_set/vec4 8;
    %jmp/0xz  T_0.10, 8;
    %load/vec4 v0x5bcb0b8bcf90_0;
    %parti/s 1, 2, 3;
    %ret/vec4 0, 0, 1;  Assign to lut3_mux4 (store_vec4_to_lval)
    %jmp T_0.11;
T_0.10 ;
    %load/vec4 v0x5bcb0b8de2c0_0;
    %parti/s 1, 0, 2;
    %pad/u 32;
    %cmpi/e 0, 0, 32;
    %flag_get/vec4 4;
    %jmp/0 T_0.15, 4;
    %load/vec4 v0x5bcb0b8bcf90_0;
    %parti/s 1, 0, 2;
    %load/vec4 v0x5bcb0b8bcf90_0;
    %parti/s 1, 2, 3;
    %cmp/e;
    %flag_get/vec4 6;
    %and;
T_0.15;
    %flag_set/vec4 8;
    %jmp/0xz  T_0.13, 8;
    %load/vec4 v0x5bcb0b8bcf90_0;
    %parti/s 1, 0, 2;
    %ret/vec4 0, 0, 1;  Assign to lut3_mux4 (store_vec4_to_lval)
    %jmp T_0.14;
T_0.13 ;
    %load/vec4 v0x5bcb0b8de2c0_0;
    %parti/s 1, 0, 2;
    %pad/u 32;
    %cmpi/e 1, 0, 32;
    %flag_get/vec4 4;
    %jmp/0 T_0.18, 4;
    %load/vec4 v0x5bcb0b8bcf90_0;
    %parti/s 1, 1, 2;
    %load/vec4 v0x5bcb0b8bcf90_0;
    %parti/s 1, 3, 3;
    %cmp/e;
    %flag_get/vec4 6;
    %and;
T_0.18;
    %flag_set/vec4 8;
    %jmp/0xz  T_0.16, 8;
    %load/vec4 v0x5bcb0b8bcf90_0;
    %parti/s 1, 1, 2;
    %ret/vec4 0, 0, 1;  Assign to lut3_mux4 (store_vec4_to_lval)
    %jmp T_0.17;
T_0.16 ;
    %pushi/vec4 1, 1, 1;
    %ret/vec4 0, 0, 1;  Assign to lut3_mux4 (store_vec4_to_lval)
T_0.17 ;
T_0.14 ;
T_0.11 ;
T_0.8 ;
T_0.4 ;
T_0.1 ;
    %end;
    .scope S_0x5bcb0b87e6e0;
T_1 ;
    %wait E_0x5bcb0b8bdd40;
    %load/vec4 v0x5bcb0b8de3b0_0;
    %load/vec4 v0x5bcb0b8de490_0;
    %xor;
    %load/vec4 v0x5bcb0b8de550_0;
    %xor;
    %store/vec4 v0x5bcb0b8de6e0_0, 0, 1;
    %load/vec4 v0x5bcb0b8de6e0_0;
    %pad/u 32;
    %cmpi/e 0, 0, 32;
    %jmp/1 T_1.2, 4;
    %flag_mov 8, 4;
    %load/vec4 v0x5bcb0b8de6e0_0;
    %pad/u 32;
    %cmpi/e 1, 0, 32;
    %flag_or 4, 8;
T_1.2;
    %jmp/0xz  T_1.0, 4;
    %pushi/vec4 254, 0, 8;
    %load/vec4 v0x5bcb0b8de550_0;
    %load/vec4 v0x5bcb0b8de490_0;
    %concat/vec4; draw_concat_vec4
    %load/vec4 v0x5bcb0b8de3b0_0;
    %concat/vec4; draw_concat_vec4
    %part/u 1;
    %store/vec4 v0x5bcb0b8de620_0, 0, 1;
    %jmp T_1.1;
T_1.0 ;
    %pushi/vec4 0, 0, 1;
    %concati/vec4 0, 0, 1;
    %pushi/vec4 15, 0, 4;
    %load/vec4 v0x5bcb0b8de490_0;
    %load/vec4 v0x5bcb0b8de3b0_0;
    %concat/vec4; draw_concat_vec4
    %store/vec4 v0x5bcb0b8de2c0_0, 0, 2;
    %store/vec4 v0x5bcb0b8bcf90_0, 0, 4;
    %callf/vec4 TD_OR_3_TB.UUT.OR_0_INST.lut3_mux4, S_0x5bcb0b8bcd90;
    %concat/vec4; draw_concat_vec4
    %pushi/vec4 14, 0, 4;
    %load/vec4 v0x5bcb0b8de490_0;
    %load/vec4 v0x5bcb0b8de3b0_0;
    %concat/vec4; draw_concat_vec4
    %store/vec4 v0x5bcb0b8de2c0_0, 0, 2;
    %store/vec4 v0x5bcb0b8bcf90_0, 0, 4;
    %callf/vec4 TD_OR_3_TB.UUT.OR_0_INST.lut3_mux4, S_0x5bcb0b8bcd90;
    %concat/vec4; draw_concat_vec4
    %pushi/vec4 0, 0, 1;
    %load/vec4 v0x5bcb0b8de550_0;
    %concat/vec4; draw_concat_vec4
    %store/vec4 v0x5bcb0b8de2c0_0, 0, 2;
    %store/vec4 v0x5bcb0b8bcf90_0, 0, 4;
    %callf/vec4 TD_OR_3_TB.UUT.OR_0_INST.lut3_mux4, S_0x5bcb0b8bcd90;
    %store/vec4 v0x5bcb0b8de620_0, 0, 1;
T_1.1 ;
    %jmp T_1;
    .thread T_1, $push;
    .scope S_0x5bcb0b8bbae0;
T_2 ;
    %pushi/vec4 0, 0, 1;
    %store/vec4 v0x5bcb0b8dee00_0, 0, 1;
    %pushi/vec4 0, 0, 1;
    %store/vec4 v0x5bcb0b8decf0_0, 0, 1;
    %pushi/vec4 0, 0, 1;
    %store/vec4 v0x5bcb0b8dec00_0, 0, 1;
    %delay 5000, 0;
    %pushi/vec4 0, 0, 1;
    %store/vec4 v0x5bcb0b8dee00_0, 0, 1;
    %pushi/vec4 0, 0, 1;
    %store/vec4 v0x5bcb0b8decf0_0, 0, 1;
    %pushi/vec4 1, 0, 1;
    %store/vec4 v0x5bcb0b8dec00_0, 0, 1;
    %delay 5000, 0;
    %pushi/vec4 0, 0, 1;
    %store/vec4 v0x5bcb0b8dee00_0, 0, 1;
    %pushi/vec4 1, 0, 1;
    %store/vec4 v0x5bcb0b8decf0_0, 0, 1;
    %pushi/vec4 0, 0, 1;
    %store/vec4 v0x5bcb0b8dec00_0, 0, 1;
    %delay 5000, 0;
    %pushi/vec4 0, 0, 1;
    %store/vec4 v0x5bcb0b8dee00_0, 0, 1;
    %pushi/vec4 1, 0, 1;
    %store/vec4 v0x5bcb0b8decf0_0, 0, 1;
    %pushi/vec4 1, 0, 1;
    %store/vec4 v0x5bcb0b8dec00_0, 0, 1;
    %delay 5000, 0;
    %pushi/vec4 1, 0, 1;
    %store/vec4 v0x5bcb0b8dee00_0, 0, 1;
    %pushi/vec4 0, 0, 1;
    %store/vec4 v0x5bcb0b8decf0_0, 0, 1;
    %pushi/vec4 0, 0, 1;
    %store/vec4 v0x5bcb0b8dec00_0, 0, 1;
    %delay 5000, 0;
    %pushi/vec4 1, 0, 1;
    %store/vec4 v0x5bcb0b8dee00_0, 0, 1;
    %pushi/vec4 0, 0, 1;
    %store/vec4 v0x5bcb0b8decf0_0, 0, 1;
    %pushi/vec4 1, 0, 1;
    %store/vec4 v0x5bcb0b8dec00_0, 0, 1;
    %delay 5000, 0;
    %pushi/vec4 1, 0, 1;
    %store/vec4 v0x5bcb0b8dee00_0, 0, 1;
    %pushi/vec4 1, 0, 1;
    %store/vec4 v0x5bcb0b8decf0_0, 0, 1;
    %pushi/vec4 0, 0, 1;
    %store/vec4 v0x5bcb0b8dec00_0, 0, 1;
    %delay 5000, 0;
    %pushi/vec4 1, 0, 1;
    %store/vec4 v0x5bcb0b8dee00_0, 0, 1;
    %pushi/vec4 1, 0, 1;
    %store/vec4 v0x5bcb0b8decf0_0, 0, 1;
    %pushi/vec4 1, 0, 1;
    %store/vec4 v0x5bcb0b8dec00_0, 0, 1;
    %delay 5000, 0;
    %end;
    .thread T_2;
    .scope S_0x5bcb0b8bbae0;
T_3 ;
    %vpi_call/w 3 37 "$display", "                Tempo   Entradas LUT          Sa\303\255das" {0 0 0};
    %vpi_call/w 3 38 "$display", "                         A2 A1 A0          OUT" {0 0 0};
    %vpi_call/w 3 39 "$display", "                ====   ================      =======" {0 0 0};
    %vpi_call/w 3 40 "$monitor", $time, "     %b   %b   %b               %b", v0x5bcb0b8dee00_0, v0x5bcb0b8decf0_0, v0x5bcb0b8dec00_0, v0x5bcb0b8deef0_0 {0 0 0};
    %end;
    .thread T_3;
# The file index is used to find the file name in the following table.
:file_names 6;
    "N/A";
    "<interactive>";
    "-";
    "OR_3_TB.sv";
    "OR_3.sv";
    "LUT3.sv";
